c:\temp\prime95.debug64.pch
c:\temp\prime95.debug64.pdb
e:\tiny\software\prime95\prime95_v2810\p95v2810.source\prime95\x64\debug\stdafx.obj
e:\tiny\software\prime95\prime95_v2810\p95v2810.source\prime95\x64\debug\hyperlink.obj
e:\tiny\software\prime95\prime95_v2810\p95v2810.source\prime95\amd64\debug\prime95.chm
e:\tiny\software\prime95\prime95_v2810\p95v2810.source\prime95\hlp\htmldefines.h
e:\tiny\software\prime95\prime95_v2810\p95v2810.source\prime95\x64\debug\prime95.ilk
e:\tiny\software\prime95\prime95_v2810\p95v2810.source\prime95\x64\debug\prime95.exe
e:\tiny\software\prime95\prime95_v2810\p95v2810.source\prime95\x64\debug\prime95.pdb
e:\tiny\software\prime95\prime95_v2810\p95v2810.source\prime95\amd64\debug\prime95.res
e:\tiny\software\prime95\prime95_v2810\p95v2810.source\prime95\amd64\debug\prime95.tlog\cl.command.1.tlog
e:\tiny\software\prime95\prime95_v2810\p95v2810.source\prime95\amd64\debug\prime95.tlog\cl.read.1.tlog
e:\tiny\software\prime95\prime95_v2810\p95v2810.source\prime95\amd64\debug\prime95.tlog\cl.write.1.tlog
e:\tiny\software\prime95\prime95_v2810\p95v2810.source\prime95\amd64\debug\prime95.tlog\custombuild.command.1.tlog
e:\tiny\software\prime95\prime95_v2810\p95v2810.source\prime95\amd64\debug\prime95.tlog\custombuild.read.1.tlog
e:\tiny\software\prime95\prime95_v2810\p95v2810.source\prime95\amd64\debug\prime95.tlog\custombuild.write.1.tlog
e:\tiny\software\prime95\prime95_v2810\p95v2810.source\prime95\amd64\debug\prime95.tlog\link.command.1.tlog
e:\tiny\software\prime95\prime95_v2810\p95v2810.source\prime95\amd64\debug\prime95.tlog\link.read.1.tlog
e:\tiny\software\prime95\prime95_v2810\p95v2810.source\prime95\amd64\debug\prime95.tlog\link.write.1.tlog
e:\tiny\software\prime95\prime95_v2810\p95v2810.source\prime95\amd64\debug\prime95.tlog\rc.command.1.tlog
e:\tiny\software\prime95\prime95_v2810\p95v2810.source\prime95\amd64\debug\prime95.tlog\rc.read.1.tlog
e:\tiny\software\prime95\prime95_v2810\p95v2810.source\prime95\amd64\debug\prime95.tlog\rc.write.1.tlog
